INFO [acme.Launcher] Starting Launcher using Java 1.8.0_281 on DESKTOP-4879CAT with PID 2756 (D:\DESCARGAS\Workspace-21.1\Projects\Acme-Planner-Test\target\classes started by Ismael in D:\DESCARGAS\Workspace-21.1\Projects\Acme-Planner-Test)
INFO [acme.Launcher] The following profiles are active: development,populator
INFO [acme.Launcher] Started Launcher in 6.203 seconds (JVM running for 6.814)
INFO [acme.framework.utilities.DatabasePopulator] Populating sample data
INFO [acme.framework.utilities.DatabasePopulator] Recreating schema
INFO [acme.framework.utilities.DatabasePopulator] Populating entities from classpath:/WEB-INF/population/initial-data.xml
INFO [acme.framework.utilities.DatabasePopulator] Validating your entities.
INFO [acme.framework.utilities.DatabasePopulator] Validating anonymousUserAccount ... PASS
INFO [acme.framework.utilities.DatabasePopulator] Validating anonymousAnonymous ... PASS
INFO [acme.framework.utilities.DatabasePopulator] Validating administratorUserAccount ... PASS
INFO [acme.framework.utilities.DatabasePopulator] Validating administratorAdministrator ... PASS
INFO [acme.framework.utilities.DatabasePopulator] Validating administratorAuthenticated ... PASS
INFO [acme.framework.utilities.DatabasePopulator] Validating authenticatedUserAccount ... PASS
INFO [acme.framework.utilities.DatabasePopulator] Validating authenticatedAuthenticated ... PASS
INFO [acme.framework.utilities.DatabasePopulator] Validating manager1UserAccount ... PASS
INFO [acme.framework.utilities.DatabasePopulator] Validating manager1Manager ... PASS
INFO [acme.framework.utilities.DatabasePopulator] Validating manager1Authenticated ... PASS
INFO [acme.framework.utilities.DatabasePopulator] Validating spamWord01 ... PASS
INFO [acme.framework.utilities.DatabasePopulator] Validating spamWord02 ... PASS
INFO [acme.framework.utilities.DatabasePopulator] Validating spamWord03 ... PASS
INFO [acme.framework.utilities.DatabasePopulator] Validating spamWord04 ... PASS
INFO [acme.framework.utilities.DatabasePopulator] Validating spamWord05 ... PASS
INFO [acme.framework.utilities.DatabasePopulator] Validating spamWord06 ... PASS
INFO [acme.framework.utilities.DatabasePopulator] Validating spamWord07 ... PASS
INFO [acme.framework.utilities.DatabasePopulator] Validating spamWord08 ... PASS
INFO [acme.framework.utilities.DatabasePopulator] Validating spamWord09 ... PASS
INFO [acme.framework.utilities.DatabasePopulator] Validating spamWord10 ... PASS
INFO [acme.framework.utilities.DatabasePopulator] Validating spamWord11 ... PASS
INFO [acme.framework.utilities.DatabasePopulator] Validating customization01 ... PASS
INFO [acme.framework.utilities.DatabasePopulator] Sorting your entities topologically.
INFO [acme.framework.utilities.DatabasePopulator] > Setting index 0 for anonymousUserAccount.
INFO [acme.framework.utilities.DatabasePopulator] > Setting index 1 for anonymousAnonymous.
INFO [acme.framework.utilities.DatabasePopulator] > Setting index 2 for administratorUserAccount.
INFO [acme.framework.utilities.DatabasePopulator] > Setting index 3 for administratorAdministrator.
INFO [acme.framework.utilities.DatabasePopulator] > Setting index 4 for administratorAuthenticated.
INFO [acme.framework.utilities.DatabasePopulator] > Setting index 5 for authenticatedUserAccount.
INFO [acme.framework.utilities.DatabasePopulator] > Setting index 6 for authenticatedAuthenticated.
INFO [acme.framework.utilities.DatabasePopulator] > Setting index 7 for manager1UserAccount.
INFO [acme.framework.utilities.DatabasePopulator] > Setting index 8 for manager1Manager.
INFO [acme.framework.utilities.DatabasePopulator] > Setting index 9 for manager1Authenticated.
INFO [acme.framework.utilities.DatabasePopulator] > Setting index 10 for spamWord01.
INFO [acme.framework.utilities.DatabasePopulator] > Setting index 11 for spamWord02.
INFO [acme.framework.utilities.DatabasePopulator] > Setting index 12 for spamWord03.
INFO [acme.framework.utilities.DatabasePopulator] > Setting index 13 for spamWord04.
INFO [acme.framework.utilities.DatabasePopulator] > Setting index 14 for spamWord05.
INFO [acme.framework.utilities.DatabasePopulator] > Setting index 15 for spamWord06.
INFO [acme.framework.utilities.DatabasePopulator] > Setting index 16 for spamWord07.
INFO [acme.framework.utilities.DatabasePopulator] > Setting index 17 for spamWord08.
INFO [acme.framework.utilities.DatabasePopulator] > Setting index 18 for spamWord09.
INFO [acme.framework.utilities.DatabasePopulator] > Setting index 19 for spamWord10.
INFO [acme.framework.utilities.DatabasePopulator] > Setting index 20 for spamWord11.
INFO [acme.framework.utilities.DatabasePopulator] > Setting index 21 for customization01.
INFO [acme.framework.utilities.DatabasePopulator] Persiting your entities.
INFO [acme.framework.utilities.DatabasePopulator] > Persisting anonymousUserAccount = acme.framework.entities.UserAccount{id=1, version=0}
INFO [acme.framework.utilities.DatabasePopulator] > Persisting anonymousAnonymous = acme.framework.entities.Anonymous{id=2, version=0}
INFO [acme.framework.utilities.DatabasePopulator] > Persisting administratorUserAccount = acme.framework.entities.UserAccount{id=3, version=0}
INFO [acme.framework.utilities.DatabasePopulator] > Persisting administratorAdministrator = acme.framework.entities.Administrator{id=4, version=0}
INFO [acme.framework.utilities.DatabasePopulator] > Persisting administratorAuthenticated = acme.framework.entities.Authenticated{id=5, version=0}
INFO [acme.framework.utilities.DatabasePopulator] > Persisting authenticatedUserAccount = acme.framework.entities.UserAccount{id=6, version=0}
INFO [acme.framework.utilities.DatabasePopulator] > Persisting authenticatedAuthenticated = acme.framework.entities.Authenticated{id=7, version=0}
INFO [acme.framework.utilities.DatabasePopulator] > Persisting manager1UserAccount = acme.framework.entities.UserAccount{id=8, version=0}
INFO [acme.framework.utilities.DatabasePopulator] > Persisting manager1Manager = acme.entities.roles.Manager{id=9, version=0}
INFO [acme.framework.utilities.DatabasePopulator] > Persisting manager1Authenticated = acme.framework.entities.Authenticated{id=10, version=0}
INFO [acme.framework.utilities.DatabasePopulator] > Persisting spamWord01 = acme.entities.spamWord.SpamWord{id=11, version=0}
INFO [acme.framework.utilities.DatabasePopulator] > Persisting spamWord02 = acme.entities.spamWord.SpamWord{id=12, version=0}
INFO [acme.framework.utilities.DatabasePopulator] > Persisting spamWord03 = acme.entities.spamWord.SpamWord{id=13, version=0}
INFO [acme.framework.utilities.DatabasePopulator] > Persisting spamWord04 = acme.entities.spamWord.SpamWord{id=14, version=0}
INFO [acme.framework.utilities.DatabasePopulator] > Persisting spamWord05 = acme.entities.spamWord.SpamWord{id=15, version=0}
INFO [acme.framework.utilities.DatabasePopulator] > Persisting spamWord06 = acme.entities.spamWord.SpamWord{id=16, version=0}
INFO [acme.framework.utilities.DatabasePopulator] > Persisting spamWord07 = acme.entities.spamWord.SpamWord{id=17, version=0}
INFO [acme.framework.utilities.DatabasePopulator] > Persisting spamWord08 = acme.entities.spamWord.SpamWord{id=18, version=0}
INFO [acme.framework.utilities.DatabasePopulator] > Persisting spamWord09 = acme.entities.spamWord.SpamWord{id=19, version=0}
INFO [acme.framework.utilities.DatabasePopulator] > Persisting spamWord10 = acme.entities.spamWord.SpamWord{id=20, version=0}
INFO [acme.framework.utilities.DatabasePopulator] > Persisting spamWord11 = acme.entities.spamWord.SpamWord{id=21, version=0}
INFO [acme.framework.utilities.DatabasePopulator] > Persisting customization01 = acme.entities.customization.Customization{id=22, version=0}
INFO [acme.framework.utilities.DatabasePopulator] Populating entities from classpath:/WEB-INF/population/sample-data.xml
INFO [acme.framework.utilities.DatabasePopulator] Validating your entities.
INFO [acme.framework.utilities.DatabasePopulator] Validating shout01 ... PASS
INFO [acme.framework.utilities.DatabasePopulator] Validating shout02 ... PASS
INFO [acme.framework.utilities.DatabasePopulator] Validating shout03 ... PASS
INFO [acme.framework.utilities.DatabasePopulator] Validating shout04 ... PASS
INFO [acme.framework.utilities.DatabasePopulator] Validating shout05 ... PASS
INFO [acme.framework.utilities.DatabasePopulator] Validating shout06 ... PASS
INFO [acme.framework.utilities.DatabasePopulator] Validating shout07 ... PASS
INFO [acme.framework.utilities.DatabasePopulator] Validating shout08 ... PASS
INFO [acme.framework.utilities.DatabasePopulator] Validating manager2UserAccount ... PASS
INFO [acme.framework.utilities.DatabasePopulator] Validating manager2Manager ... PASS
INFO [acme.framework.utilities.DatabasePopulator] Validating manager2Authenticated ... PASS
INFO [acme.framework.utilities.DatabasePopulator] Validating task01 ... PASS
INFO [acme.framework.utilities.DatabasePopulator] Validating task02 ... PASS
INFO [acme.framework.utilities.DatabasePopulator] Validating task03 ... PASS
INFO [acme.framework.utilities.DatabasePopulator] Validating task04 ... PASS
INFO [acme.framework.utilities.DatabasePopulator] Validating task05 ... PASS
INFO [acme.framework.utilities.DatabasePopulator] Validating task06 ... PASS
INFO [acme.framework.utilities.DatabasePopulator] Validating task07 ... PASS
INFO [acme.framework.utilities.DatabasePopulator] Validating task08 ... PASS
INFO [acme.framework.utilities.DatabasePopulator] Validating task09 ... PASS
INFO [acme.framework.utilities.DatabasePopulator] Validating task10 ... PASS
INFO [acme.framework.utilities.DatabasePopulator] Validating task11 ... PASS
INFO [acme.framework.utilities.DatabasePopulator] Validating task12 ... PASS
INFO [acme.framework.utilities.DatabasePopulator] Validating task13 ... PASS
INFO [acme.framework.utilities.DatabasePopulator] Validating task14 ... PASS
INFO [acme.framework.utilities.DatabasePopulator] Validating task15 ... PASS
INFO [acme.framework.utilities.DatabasePopulator] Sorting your entities topologically.
INFO [acme.framework.utilities.DatabasePopulator] > Setting index 0 for shout01.
INFO [acme.framework.utilities.DatabasePopulator] > Setting index 1 for shout02.
INFO [acme.framework.utilities.DatabasePopulator] > Setting index 2 for shout03.
INFO [acme.framework.utilities.DatabasePopulator] > Setting index 3 for shout04.
INFO [acme.framework.utilities.DatabasePopulator] > Setting index 4 for shout05.
INFO [acme.framework.utilities.DatabasePopulator] > Setting index 5 for shout06.
INFO [acme.framework.utilities.DatabasePopulator] > Setting index 6 for shout07.
INFO [acme.framework.utilities.DatabasePopulator] > Setting index 7 for shout08.
INFO [acme.framework.utilities.DatabasePopulator] > Setting index 8 for manager2UserAccount.
INFO [acme.framework.utilities.DatabasePopulator] > Setting index 9 for manager2Manager.
INFO [acme.framework.utilities.DatabasePopulator] > Setting index 10 for manager2Authenticated.
INFO [acme.framework.utilities.DatabasePopulator] > Setting index 11 for task01.
INFO [acme.framework.utilities.DatabasePopulator] > Setting index 12 for task02.
INFO [acme.framework.utilities.DatabasePopulator] > Setting index 13 for task03.
INFO [acme.framework.utilities.DatabasePopulator] > Setting index 14 for task04.
INFO [acme.framework.utilities.DatabasePopulator] > Setting index 15 for task05.
INFO [acme.framework.utilities.DatabasePopulator] > Setting index 16 for task06.
INFO [acme.framework.utilities.DatabasePopulator] > Setting index 17 for task07.
INFO [acme.framework.utilities.DatabasePopulator] > Setting index 18 for task08.
INFO [acme.framework.utilities.DatabasePopulator] > Setting index 19 for task09.
INFO [acme.framework.utilities.DatabasePopulator] > Setting index 20 for task10.
INFO [acme.framework.utilities.DatabasePopulator] > Setting index 21 for task11.
INFO [acme.framework.utilities.DatabasePopulator] > Setting index 22 for task12.
INFO [acme.framework.utilities.DatabasePopulator] > Setting index 23 for task13.
INFO [acme.framework.utilities.DatabasePopulator] > Setting index 24 for task14.
INFO [acme.framework.utilities.DatabasePopulator] > Setting index 25 for task15.
INFO [acme.framework.utilities.DatabasePopulator] Persiting your entities.
INFO [acme.framework.utilities.DatabasePopulator] > Persisting shout01 = acme.entities.shouts.Shout{id=23, version=0}
INFO [acme.framework.utilities.DatabasePopulator] > Persisting shout02 = acme.entities.shouts.Shout{id=24, version=0}
INFO [acme.framework.utilities.DatabasePopulator] > Persisting shout03 = acme.entities.shouts.Shout{id=25, version=0}
INFO [acme.framework.utilities.DatabasePopulator] > Persisting shout04 = acme.entities.shouts.Shout{id=26, version=0}
INFO [acme.framework.utilities.DatabasePopulator] > Persisting shout05 = acme.entities.shouts.Shout{id=27, version=0}
INFO [acme.framework.utilities.DatabasePopulator] > Persisting shout06 = acme.entities.shouts.Shout{id=28, version=0}
INFO [acme.framework.utilities.DatabasePopulator] > Persisting shout07 = acme.entities.shouts.Shout{id=29, version=0}
INFO [acme.framework.utilities.DatabasePopulator] > Persisting shout08 = acme.entities.shouts.Shout{id=30, version=0}
INFO [acme.framework.utilities.DatabasePopulator] > Persisting manager2UserAccount = acme.framework.entities.UserAccount{id=31, version=0}
INFO [acme.framework.utilities.DatabasePopulator] > Persisting manager2Manager = acme.entities.roles.Manager{id=32, version=0}
INFO [acme.framework.utilities.DatabasePopulator] > Persisting manager2Authenticated = acme.framework.entities.Authenticated{id=33, version=0}
INFO [acme.framework.utilities.DatabasePopulator] > Persisting task01 = acme.entities.tasks.Task{id=34, version=0}
INFO [acme.framework.utilities.DatabasePopulator] > Persisting task02 = acme.entities.tasks.Task{id=35, version=0}
INFO [acme.framework.utilities.DatabasePopulator] > Persisting task03 = acme.entities.tasks.Task{id=36, version=0}
INFO [acme.framework.utilities.DatabasePopulator] > Persisting task04 = acme.entities.tasks.Task{id=37, version=0}
INFO [acme.framework.utilities.DatabasePopulator] > Persisting task05 = acme.entities.tasks.Task{id=38, version=0}
INFO [acme.framework.utilities.DatabasePopulator] > Persisting task06 = acme.entities.tasks.Task{id=39, version=0}
INFO [acme.framework.utilities.DatabasePopulator] > Persisting task07 = acme.entities.tasks.Task{id=40, version=0}
INFO [acme.framework.utilities.DatabasePopulator] > Persisting task08 = acme.entities.tasks.Task{id=41, version=0}
INFO [acme.framework.utilities.DatabasePopulator] > Persisting task09 = acme.entities.tasks.Task{id=42, version=0}
INFO [acme.framework.utilities.DatabasePopulator] > Persisting task10 = acme.entities.tasks.Task{id=43, version=0}
INFO [acme.framework.utilities.DatabasePopulator] > Persisting task11 = acme.entities.tasks.Task{id=44, version=0}
INFO [acme.framework.utilities.DatabasePopulator] > Persisting task12 = acme.entities.tasks.Task{id=45, version=0}
INFO [acme.framework.utilities.DatabasePopulator] > Persisting task13 = acme.entities.tasks.Task{id=46, version=0}
INFO [acme.framework.utilities.DatabasePopulator] > Persisting task14 = acme.entities.tasks.Task{id=47, version=0}
INFO [acme.framework.utilities.DatabasePopulator] > Persisting task15 = acme.entities.tasks.Task{id=48, version=0}
INFO [acme.framework.configuration.ShutdownConfiguration] The system is shutting down...
